2016-09-23T06:21:22.834Z - normal: Load ~/.CocosCreator/settings.json
2016-09-23T06:21:22.838Z - normal: checking language setting...
2016-09-23T06:21:22.838Z - normal: Language: zh
2016-09-23T06:21:22.861Z - success: protocol editor-framework registered
2016-09-23T06:21:22.861Z - success: protocol app registered
2016-09-23T06:21:22.861Z - success: protocol packages registered
2016-09-23T06:21:22.861Z - success: protocol theme registered
2016-09-23T06:21:22.862Z - success: protocol unpack registerred
2016-09-23T06:21:22.963Z - normal: connected!
2016-09-23T06:21:22.967Z - normal: Check project /Users/xujw/xujwWork/CocosCreator/Wheel
2016-09-23T06:21:22.969Z - normal: Initializing Cocos Creator Editor
2016-09-23T06:21:23.258Z - normal: Initializing Cocos2d
2016-09-23T06:21:23.348Z - normal: Initializing Asset Database
2016-09-23T06:21:23.370Z - success: protocol uuid registerred
2016-09-23T06:21:23.370Z - success: protocol db registerred
2016-09-23T06:21:23.370Z - success: protocol thumbnail registerred
2016-09-23T06:21:23.370Z - normal: Loading editor/builtin packages
2016-09-23T06:21:23.458Z - success: assets loaded
2016-09-23T06:21:23.460Z - success: builder loaded
2016-09-23T06:21:23.466Z - success: hierarchy loaded
2016-09-23T06:21:23.470Z - success: inspector loaded
2016-09-23T06:21:23.471Z - success: keystore loaded
2016-09-23T06:21:23.474Z - success: node-library loaded
2016-09-23T06:21:23.477Z - success: preferences loaded
2016-09-23T06:21:23.488Z - success: project-importer loaded
2016-09-23T06:21:23.491Z - success: project-settings loaded
2016-09-23T06:21:23.493Z - success: ui-kit loaded
2016-09-23T06:21:23.499Z - success: ui-grid loaded
2016-09-23T06:21:23.508Z - success: scene loaded
2016-09-23T06:21:23.513Z - success: sprite-editor loaded
2016-09-23T06:21:23.526Z - success: timeline loaded
2016-09-23T06:21:23.527Z - normal: Loading builtin packages
2016-09-23T06:21:23.532Z - success: asset-db-debugger loaded
2016-09-23T06:21:23.534Z - success: cocos-package loaded
2016-09-23T06:21:23.536Z - success: code-editor loaded
2016-09-23T06:21:23.536Z - success: color-picker loaded
2016-09-23T06:21:23.542Z - success: console loaded
2016-09-23T06:21:23.547Z - success: package-manager loaded
2016-09-23T06:21:23.553Z - success: tester loaded
2016-09-23T06:21:23.557Z - success: ui-kit-preview-extra loaded
2016-09-23T06:21:23.560Z - success: ui-kit-preview loaded
2016-09-23T06:21:23.563Z - success: ui-tree loaded
2016-09-23T06:21:23.596Z - normal: Initializing project /Users/xujw/xujwWork/CocosCreator/Wheel
2016-09-23T06:21:23.599Z - normal: Loading packages
2016-09-23T06:21:23.603Z - normal: Run Application
2016-09-23T06:21:23.918Z - success: preview server running at http://localhost:7456
2016-09-23T06:21:26.639Z - normal: 1.2.1-rc.1
2016-09-23T06:21:48.248Z - normal: Compiled successfully
